# JRE version: OpenJDK Runtime Environment (11.0.11+9) (build 11.0.11+9-b60-7590822)
# Java VM: OpenJDK 64-Bit Server VM (11.0.11+9-b60-7590822, mixed mode, tiered, compressed oops, g1 gc, windows-amd64)
Heap:
 garbage-first heap   total 157696K, used 96382K [0x0000000080000000, 0x0000000100000000)
  region size 1024K, 51 young (52224K), 3 survivors (3072K)
 Metaspace       used 64094K, capacity 65692K, committed 65816K, reserved 1105920K
  class space    used 8063K, capacity 8622K, committed 8728K, reserved 1048576K
GC Heap History (20 events):
Event: 2.038 GC heap before
{Heap before GC invocations=1 (full 0):
 garbage-first heap   total 131072K, used 19024K [0x0000000080000000, 0x0000000100000000)
  region size 1024K, 13 young (13312K), 2 survivors (2048K)
 Metaspace       used 9896K, capacity 10122K, committed 10368K, reserved 1058816K
  class space    used 1028K, capacity 1102K, committed 1152K, reserved 1048576K
}
Event: 2.043 GC heap after
{Heap after GC invocations=2 (full 0):
 garbage-first heap   total 131072K, used 9712K [0x0000000080000000, 0x0000000100000000)
  region size 1024K, 2 young (2048K), 2 survivors (2048K)
 Metaspace       used 9896K, capacity 10122K, committed 10368K, reserved 1058816K
  class space    used 1028K, capacity 1102K, committed 1152K, reserved 1048576K
}
Event: 3.083 GC heap before
{Heap before GC invocations=2 (full 0):
 garbage-first heap   total 131072K, used 38384K [0x0000000080000000, 0x0000000100000000)
  region size 1024K, 29 young (29696K), 2 survivors (2048K)
 Metaspace       used 10857K, capacity 11077K, committed 11264K, reserved 1058816K
  class space    used 1131K, capacity 1207K, committed 1280K, reserved 1048576K
}
Event: 3.087 GC heap after
{Heap after GC invocations=3 (full 0):
 garbage-first heap   total 131072K, used 12037K [0x0000000080000000, 0x0000000100000000)
  region size 1024K, 3 young (3072K), 3 survivors (3072K)
 Metaspace       used 10857K, capacity 11077K, committed 11264K, reserved 1058816K
  class space    used 1131K, capacity 1207K, committed 1280K, reserved 1048576K
}
Event: 6.085 GC heap before
{Heap before GC invocations=3 (full 0):
 garbage-first heap   total 131072K, used 51973K [0x0000000080000000, 0x0000000100000000)
  region size 1024K, 43 young (44032K), 3 survivors (3072K)
 Metaspace       used 17397K, capacity 17738K, committed 17792K, reserved 1064960K
  class space    used 2039K, capacity 2153K, committed 2176K, reserved 1048576K
}
Event: 6.124 GC heap after
{Heap after GC invocations=4 (full 0):
 garbage-first heap   total 131072K, used 16407K [0x0000000080000000, 0x0000000100000000)
  region size 1024K, 6 young (6144K), 6 survivors (6144K)
 Metaspace       used 17397K, capacity 17738K, committed 17792K, reserved 1064960K
  class space    used 2039K, capacity 2153K, committed 2176K, reserved 1048576K
}
Event: 6.813 GC heap before
{Heap before GC invocations=4 (full 0):
 garbage-first heap   total 131072K, used 44055K [0x0000000080000000, 0x0000000100000000)
  region size 1024K, 35 young (35840K), 6 survivors (6144K)
 Metaspace       used 20701K, capacity 21077K, committed 21248K, reserved 1067008K
  class space    used 2540K, capacity 2691K, committed 2816K, reserved 1048576K
}
Event: 6.828 GC heap after
{Heap after GC invocations=5 (full 0):
 garbage-first heap   total 131072K, used 17502K [0x0000000080000000, 0x0000000100000000)
  region size 1024K, 2 young (2048K), 2 survivors (2048K)
 Metaspace       used 20701K, capacity 21077K, committed 21248K, reserved 1067008K
  class space    used 2540K, capacity 2691K, committed 2816K, reserved 1048576K
}
Event: 8.430 GC heap before
{Heap before GC invocations=6 (full 0):
 garbage-first heap   total 131072K, used 66654K [0x0000000080000000, 0x0000000100000000)
  region size 1024K, 50 young (51200K), 2 survivors (2048K)
 Metaspace       used 25758K, capacity 26303K, committed 26368K, reserved 1073152K
  class space    used 3357K, capacity 3546K, committed 3584K, reserved 1048576K
}
Event: 8.438 GC heap after
{Heap after GC invocations=7 (full 0):
 garbage-first heap   total 131072K, used 19200K [0x0000000080000000, 0x0000000100000000)
  region size 1024K, 3 young (3072K), 3 survivors (3072K)
 Metaspace       used 25758K, capacity 26303K, committed 26368K, reserved 1073152K
  class space    used 3357K, capacity 3546K, committed 3584K, reserved 1048576K
}
Event: 10.632 GC heap before
{Heap before GC invocations=7 (full 0):
 garbage-first heap   total 131072K, used 82688K [0x0000000080000000, 0x0000000100000000)
  region size 1024K, 66 young (67584K), 3 survivors (3072K)
 Metaspace       used 35045K, capacity 35793K, committed 35840K, reserved 1081344K
  class space    used 4552K, capacity 4863K, committed 4864K, reserved 1048576K
}
Event: 10.651 GC heap after
{Heap after GC invocations=8 (full 0):
 garbage-first heap   total 131072K, used 22878K [0x0000000080000000, 0x0000000100000000)
  region size 1024K, 7 young (7168K), 7 survivors (7168K)
 Metaspace       used 35045K, capacity 35793K, committed 35840K, reserved 1081344K
  class space    used 4552K, capacity 4863K, committed 4864K, reserved 1048576K
}
Event: 12.908 GC heap before
{Heap before GC invocations=9 (full 0):
 garbage-first heap   total 131072K, used 90462K [0x0000000080000000, 0x0000000100000000)
  region size 1024K, 71 young (72704K), 7 survivors (7168K)
 Metaspace       used 40083K, capacity 41025K, committed 41164K, reserved 1085440K
  class space    used 5112K, capacity 5471K, committed 5580K, reserved 1048576K
}
Event: 12.933 GC heap after
{Heap after GC invocations=10 (full 0):
 garbage-first heap   total 157696K, used 29143K [0x0000000080000000, 0x0000000100000000)
  region size 1024K, 9 young (9216K), 9 survivors (9216K)
 Metaspace       used 40083K, capacity 41025K, committed 41164K, reserved 1085440K
  class space    used 5112K, capacity 5471K, committed 5580K, reserved 1048576K
}
Event: 15.118 GC heap before
{Heap before GC invocations=10 (full 0):
 garbage-first heap   total 157696K, used 103895K [0x0000000080000000, 0x0000000100000000)
  region size 1024K, 82 young (83968K), 9 survivors (9216K)
 Metaspace       used 46359K, capacity 47428K, committed 47564K, reserved 1091584K
  class space    used 5956K, capacity 6339K, committed 6348K, reserved 1048576K
}
Event: 15.138 GC heap after
{Heap after GC invocations=11 (full 0):
 garbage-first heap   total 157696K, used 31103K [0x0000000080000000, 0x0000000100000000)
  region size 1024K, 8 young (8192K), 8 survivors (8192K)
 Metaspace       used 46359K, capacity 47428K, committed 47564K, reserved 1091584K
  class space    used 5956K, capacity 6339K, committed 6348K, reserved 1048576K
}
Event: 18.225 GC heap before
{Heap before GC invocations=11 (full 0):
 garbage-first heap   total 157696K, used 119167K [0x0000000080000000, 0x0000000100000000)
  region size 1024K, 90 young (92160K), 8 survivors (8192K)
 Metaspace       used 51916K, capacity 53262K, committed 53452K, reserved 1095680K
  class space    used 6604K, capacity 7090K, committed 7116K, reserved 1048576K
}
Event: 18.251 GC heap after
{Heap after GC invocations=12 (full 0):
 garbage-first heap   total 157696K, used 46388K [0x0000000080000000, 0x0000000100000000)
  region size 1024K, 12 young (12288K), 12 survivors (12288K)
 Metaspace       used 51916K, capacity 53262K, committed 53452K, reserved 1095680K
  class space    used 6604K, capacity 7090K, committed 7116K, reserved 1048576K
}
Event: 19.833 GC heap before
{Heap before GC invocations=12 (full 0):
 garbage-first heap   total 157696K, used 93492K [0x0000000080000000, 0x0000000100000000)
  region size 1024K, 59 young (60416K), 12 survivors (12288K)
 Metaspace       used 58746K, capacity 60153K, committed 60236K, reserved 1101824K
  class space    used 7416K, capacity 7954K, committed 8012K, reserved 1048576K
}
Event: 19.869 GC heap after
{Heap after GC invocations=13 (full 0):
 garbage-first heap   total 157696K, used 49278K [0x0000000080000000, 0x0000000100000000)
  region size 1024K, 3 young (3072K), 3 survivors (3072K)
 Metaspace       used 58746K, capacity 60153K, committed 60236K, reserved 1101824K
  class space    used 7416K, capacity 7954K, committed 8012K, reserved 1048576K
}

